<?xml version="1.0" encoding="UTF-8"?>
<!-- Generated by org.testng.reporters.JUnitXMLReporter -->
<testsuite ignored="5" hostname="KAMLESH-PC" failures="1" tests="2" name="Sanity Test" time="65.566" errors="0" timestamp="2024-11-07T17:26:24 IST">
  <testcase classname="com.xpresso.qa.testcases.Helpdesk_CspAddComplaintTest" name="AddnewComplaintWithoutTXID" time="27.929"/>
  <testcase classname="com.xpresso.qa.testcases.Helpdesk_CspAddComplaintTest" name="ValidateWithBlank_ApplicationType" time="27.983">
    <failure type="org.openqa.selenium.ElementClickInterceptedException" message="element click intercepted: Element &amp;lt;button _ngcontent-tsg-c30=&amp;quot;&amp;quot; class=&amp;quot;btn btn-primary d-flex mt-3&amp;quot; type=&amp;quot;submit&amp;quot;&amp;gt;...&amp;lt;/button&amp;gt; is not clickable at point (1195, 433). Other element would receive the click: &amp;lt;div _ngcontent-tsg-c21=&amp;quot;&amp;quot; role=&amp;quot;progressbar&amp;quot; class=&amp;quot;page-loader&amp;quot; style=&amp;quot;z-index: 99999; position: fixed; width: 100%;&amp;quot;&amp;gt;...&amp;lt;/div&amp;gt;
  (Session info: chrome=111.0.5563.65)
Build info: version: &amp;apos;4.25.0&amp;apos;, revision: &amp;apos;8a8aea2337&amp;apos;
System info: os.name: &amp;apos;Windows 10&amp;apos;, os.arch: &amp;apos;amd64&amp;apos;, os.version: &amp;apos;10.0&amp;apos;, java.version: &amp;apos;18.0.2.1&amp;apos;
Driver info: org.openqa.selenium.chrome.ChromeDriver
Command: [fcf8fc6ea69ce164e0c9267722135014, clickElement {id=7f9aa408-7b64-4291-afb8-89dcc7fad4d7}]
Capabilities {acceptInsecureCerts: false, browserName: chrome, browserVersion: 111.0.5563.65, chrome: {chromedriverVersion: 111.0.5563.64 (c710e93d5b63..., userDataDir: C:\Users\KAMLES~1.KUM\AppDa...}, goog:chromeOptions: {debuggerAddress: localhost:58564}, networkConnectionEnabled: false, pageLoadStrategy: normal, platformName: windows, proxy: Proxy(), se:cdp: ws://localhost:58564/devtoo..., se:cdpVersion: 111.0.5563.65, setWindowRect: true, strictFileInteractability: false, timeouts: {implicit: 0, pageLoad: 300000, script: 30000}, unhandledPromptBehavior: dismiss and notify, webauthn:extension:credBlob: true, webauthn:extension:largeBlob: true, webauthn:extension:minPinLength: true, webauthn:extension:prf: true, webauthn:virtualAuthenticators: true}
Element: [[ChromeDriver: chrome on windows (fcf8fc6ea69ce164e0c9267722135014)] -&amp;gt; xpath: //button[contains(text(),&amp;apos;Save&amp;apos;)]]
Session ID: fcf8fc6ea69ce164e0c9267722135014">
      <![CDATA[org.openqa.selenium.ElementClickInterceptedException: element click intercepted: Element <button _ngcontent-tsg-c30="" class="btn btn-primary d-flex mt-3" type="submit">...</button> is not clickable at point (1195, 433). Other element would receive the click: <div _ngcontent-tsg-c21="" role="progressbar" class="page-loader" style="z-index: 99999; position: fixed; width: 100%;">...</div>
  (Session info: chrome=111.0.5563.65)
Build info: version: '4.25.0', revision: '8a8aea2337'
System info: os.name: 'Windows 10', os.arch: 'amd64', os.version: '10.0', java.version: '18.0.2.1'
Driver info: org.openqa.selenium.chrome.ChromeDriver
Command: [fcf8fc6ea69ce164e0c9267722135014, clickElement {id=7f9aa408-7b64-4291-afb8-89dcc7fad4d7}]
Capabilities {acceptInsecureCerts: false, browserName: chrome, browserVersion: 111.0.5563.65, chrome: {chromedriverVersion: 111.0.5563.64 (c710e93d5b63..., userDataDir: C:\Users\KAMLES~1.KUM\AppDa...}, goog:chromeOptions: {debuggerAddress: localhost:58564}, networkConnectionEnabled: false, pageLoadStrategy: normal, platformName: windows, proxy: Proxy(), se:cdp: ws://localhost:58564/devtoo..., se:cdpVersion: 111.0.5563.65, setWindowRect: true, strictFileInteractability: false, timeouts: {implicit: 0, pageLoad: 300000, script: 30000}, unhandledPromptBehavior: dismiss and notify, webauthn:extension:credBlob: true, webauthn:extension:largeBlob: true, webauthn:extension:minPinLength: true, webauthn:extension:prf: true, webauthn:virtualAuthenticators: true}
Element: [[ChromeDriver: chrome on windows (fcf8fc6ea69ce164e0c9267722135014)] -> xpath: //button[contains(text(),'Save')]]
Session ID: fcf8fc6ea69ce164e0c9267722135014
at org.openqa.selenium.remote.ErrorCodec.decode(ErrorCodec.java:167)
at org.openqa.selenium.remote.codec.w3c.W3CHttpResponseCodec.decode(W3CHttpResponseCodec.java:138)
at org.openqa.selenium.remote.codec.w3c.W3CHttpResponseCodec.decode(W3CHttpResponseCodec.java:50)
at org.openqa.selenium.remote.HttpCommandExecutor.execute(HttpCommandExecutor.java:190)
at org.openqa.selenium.remote.service.DriverCommandExecutor.invokeExecute(DriverCommandExecutor.java:216)
at org.openqa.selenium.remote.service.DriverCommandExecutor.execute(DriverCommandExecutor.java:174)
at org.openqa.selenium.remote.RemoteWebDriver.execute(RemoteWebDriver.java:545)
at org.openqa.selenium.remote.RemoteWebElement.execute(RemoteWebElement.java:223)
at org.openqa.selenium.remote.RemoteWebElement.click(RemoteWebElement.java:76)
at org.openqa.selenium.support.pagefactory.internal.LocatingElementHandler.invoke(LocatingElementHandler.java:51)
at jdk.proxy2/jdk.proxy2.$Proxy27.click(Unknown Source)
at com.xpresso.qa.pages.AddComplaintPage.ClickonSaveBttn(AddComplaintPage.java:204)
at com.xpresso.qa.testcases.Helpdesk_CspAddComplaintTest.ValidateWithBlank_ApplicationType(Helpdesk_CspAddComplaintTest.java:77)
at java.base/java.util.ArrayList.forEach(ArrayList.java:1511)
... Removed 34 stack frames]]>
    </failure>
  </testcase> <!-- ValidateWithBlank_ApplicationType -->
  <testcase classname="com.xpresso.qa.testcases.Helpdesk_CspAddComplaintTest" name="AddNewComplaint_InvalidTxID" time="0.0">
    <ignored/>
  </testcase> <!-- AddNewComplaint_InvalidTxID -->
  <testcase classname="com.xpresso.qa.testcases.Helpdesk_CspAddComplaintTest" name="ValidateWithBlank_CategoryType" time="0.0">
    <ignored/>
  </testcase> <!-- ValidateWithBlank_CategoryType -->
  <testcase classname="com.xpresso.qa.testcases.Helpdesk_CspAddComplaintTest" name="ValidateWithBlank_SubCategoryType" time="0.0">
    <ignored/>
  </testcase> <!-- ValidateWithBlank_SubCategoryType -->
  <testcase classname="com.xpresso.qa.testcases.Helpdesk_CspAddComplaintTest" name="AddNewComplaint_BlankTxID" time="0.0">
    <ignored/>
  </testcase> <!-- AddNewComplaint_BlankTxID -->
  <testcase classname="com.xpresso.qa.testcases.Helpdesk_CspAddComplaintTest" name="ValidateWithBlank_ComplaintDsc" time="0.0">
    <ignored/>
  </testcase> <!-- ValidateWithBlank_ComplaintDsc -->
</testsuite> <!-- Sanity Test -->
