<?xml version="1.0" encoding="UTF-8"?>
<!-- Generated by org.testng.reporters.JUnitXMLReporter -->
<testsuite ignored="6" hostname="KAMLESH-PC" failures="1" tests="1" name="Smoke Test Test" time="20.958" errors="0" timestamp="2024-11-01T20:47:42 IST">
  <testcase classname="com.xpresso.qa.testcases.TC01_CspAddComplaintTest" name="AddnewComplaintWithoutTXID" time="10.592">
    <failure type="org.openqa.selenium.TimeoutException" message="timeout: Timed out receiving message from renderer: 10.000
  (Session info: chrome=111.0.5563.65)
Build info: version: &amp;apos;4.25.0&amp;apos;, revision: &amp;apos;8a8aea2337&amp;apos;
System info: os.name: &amp;apos;Windows 10&amp;apos;, os.arch: &amp;apos;amd64&amp;apos;, os.version: &amp;apos;10.0&amp;apos;, java.version: &amp;apos;18.0.2.1&amp;apos;
Driver info: org.openqa.selenium.chrome.ChromeDriver
Command: [5f026b73574c4c17a95809a3ddabdcdc, clickElement {id=543cb4d7-41dc-4a2a-ba88-1d8b893307ef}]
Capabilities {acceptInsecureCerts: false, browserName: chrome, browserVersion: 111.0.5563.65, chrome: {chromedriverVersion: 111.0.5563.64 (c710e93d5b63..., userDataDir: C:\Users\KAMLES~1.KUM\AppDa...}, goog:chromeOptions: {debuggerAddress: localhost:53148}, networkConnectionEnabled: false, pageLoadStrategy: normal, platformName: windows, proxy: Proxy(), se:cdp: ws://localhost:53148/devtoo..., se:cdpVersion: 111.0.5563.65, setWindowRect: true, strictFileInteractability: false, timeouts: {implicit: 0, pageLoad: 300000, script: 30000}, unhandledPromptBehavior: dismiss and notify, webauthn:extension:credBlob: true, webauthn:extension:largeBlob: true, webauthn:extension:minPinLength: true, webauthn:extension:prf: true, webauthn:virtualAuthenticators: true}
Element: [[ChromeDriver: chrome on windows (5f026b73574c4c17a95809a3ddabdcdc)] -&amp;gt; xpath: //input[@id=&amp;apos;btnLogin&amp;apos;]]
Session ID: 5f026b73574c4c17a95809a3ddabdcdc">
      <![CDATA[org.openqa.selenium.TimeoutException: timeout: Timed out receiving message from renderer: 10.000
  (Session info: chrome=111.0.5563.65)
Build info: version: '4.25.0', revision: '8a8aea2337'
System info: os.name: 'Windows 10', os.arch: 'amd64', os.version: '10.0', java.version: '18.0.2.1'
Driver info: org.openqa.selenium.chrome.ChromeDriver
Command: [5f026b73574c4c17a95809a3ddabdcdc, clickElement {id=543cb4d7-41dc-4a2a-ba88-1d8b893307ef}]
Capabilities {acceptInsecureCerts: false, browserName: chrome, browserVersion: 111.0.5563.65, chrome: {chromedriverVersion: 111.0.5563.64 (c710e93d5b63..., userDataDir: C:\Users\KAMLES~1.KUM\AppDa...}, goog:chromeOptions: {debuggerAddress: localhost:53148}, networkConnectionEnabled: false, pageLoadStrategy: normal, platformName: windows, proxy: Proxy(), se:cdp: ws://localhost:53148/devtoo..., se:cdpVersion: 111.0.5563.65, setWindowRect: true, strictFileInteractability: false, timeouts: {implicit: 0, pageLoad: 300000, script: 30000}, unhandledPromptBehavior: dismiss and notify, webauthn:extension:credBlob: true, webauthn:extension:largeBlob: true, webauthn:extension:minPinLength: true, webauthn:extension:prf: true, webauthn:virtualAuthenticators: true}
Element: [[ChromeDriver: chrome on windows (5f026b73574c4c17a95809a3ddabdcdc)] -> xpath: //input[@id='btnLogin']]
Session ID: 5f026b73574c4c17a95809a3ddabdcdc
at org.openqa.selenium.remote.ErrorCodec.decode(ErrorCodec.java:167)
at org.openqa.selenium.remote.codec.w3c.W3CHttpResponseCodec.decode(W3CHttpResponseCodec.java:138)
at org.openqa.selenium.remote.codec.w3c.W3CHttpResponseCodec.decode(W3CHttpResponseCodec.java:50)
at org.openqa.selenium.remote.HttpCommandExecutor.execute(HttpCommandExecutor.java:190)
at org.openqa.selenium.remote.service.DriverCommandExecutor.invokeExecute(DriverCommandExecutor.java:216)
at org.openqa.selenium.remote.service.DriverCommandExecutor.execute(DriverCommandExecutor.java:174)
at org.openqa.selenium.remote.RemoteWebDriver.execute(RemoteWebDriver.java:545)
at org.openqa.selenium.remote.RemoteWebElement.execute(RemoteWebElement.java:223)
at org.openqa.selenium.remote.RemoteWebElement.click(RemoteWebElement.java:76)
at org.openqa.selenium.support.pagefactory.internal.LocatingElementHandler.invoke(LocatingElementHandler.java:51)
at jdk.proxy2/jdk.proxy2.$Proxy30.click(Unknown Source)
at com.xpresso.qa.pages.LoginPage.login(LoginPage.java:209)
at com.xpresso.qa.testcases.TC01_CspAddComplaintTest.AddnewComplaintWithoutTXID(TC01_CspAddComplaintTest.java:38)
at java.base/java.util.ArrayList.forEach(ArrayList.java:1511)
... Removed 30 stack frames]]>
    </failure>
  </testcase> <!-- AddnewComplaintWithoutTXID -->
  <testcase classname="com.xpresso.qa.testcases.TC01_CspAddComplaintTest" name="AddNewComplaint_InvalidTxID" time="0.0">
    <ignored/>
  </testcase> <!-- AddNewComplaint_InvalidTxID -->
  <testcase classname="com.xpresso.qa.testcases.TC01_CspAddComplaintTest" name="ValidateWithBlank_SubCategoryType" time="0.0">
    <ignored/>
  </testcase> <!-- ValidateWithBlank_SubCategoryType -->
  <testcase classname="com.xpresso.qa.testcases.TC01_CspAddComplaintTest" name="ValidateWithBlank_ApplicationType" time="0.0">
    <ignored/>
  </testcase> <!-- ValidateWithBlank_ApplicationType -->
  <testcase classname="com.xpresso.qa.testcases.TC01_CspAddComplaintTest" name="ValidateWithBlank_CategoryType" time="0.0">
    <ignored/>
  </testcase> <!-- ValidateWithBlank_CategoryType -->
  <testcase classname="com.xpresso.qa.testcases.TC01_CspAddComplaintTest" name="AddNewComplaint_BlankTxID" time="0.0">
    <ignored/>
  </testcase> <!-- AddNewComplaint_BlankTxID -->
  <testcase classname="com.xpresso.qa.testcases.TC01_CspAddComplaintTest" name="ValidateWithBlank_ComplaintDsc" time="0.0">
    <ignored/>
  </testcase> <!-- ValidateWithBlank_ComplaintDsc -->
</testsuite> <!-- Smoke Test Test -->
