<?xml version="1.0" encoding="UTF-8"?>
<!-- Generated by org.testng.reporters.JUnitReportReporter -->
<testsuite skipped="0" hostname="KAMLESH-PC" name="com.xpresso.qa.testcases.LoginPageTest" tests="24" failures="0" timestamp="2022-02-16T10:40:08 IST" time="295.618" errors="1">
  <testcase name="loginPagetitletest" time="9.375" classname="com.xpresso.qa.testcases.LoginPageTest"/>
  <system-out/>
  <testcase name="Validate_LoginWith_AllBankFiedls" time="8.141" classname="com.xpresso.qa.testcases.LoginPageTest"/>
  <system-out/>
  <testcase name="ValidateSucesslogin" time="12.468" classname="com.xpresso.qa.testcases.LoginPageTest"/>
  <system-out/>
  <testcase name="Validate_Login_OnlyWith_Usercode" time="8.029" classname="com.xpresso.qa.testcases.LoginPageTest"/>
  <system-out/>
  <testcase name="Validate_Login_OnlyWith_Password" time="8.227" classname="com.xpresso.qa.testcases.LoginPageTest"/>
  <system-out/>
  <testcase name="Validate_Login_OnlyWith_Captcha" time="8.314" classname="com.xpresso.qa.testcases.LoginPageTest"/>
  <system-out/>
  <testcase name="Validate_LoginWith_InvalidUsrcode" time="8.776" classname="com.xpresso.qa.testcases.LoginPageTest"/>
  <system-out/>
  <testcase name="Validate_LoginWith_InvalidUsrcodeAndPsswd" time="9.141" classname="com.xpresso.qa.testcases.LoginPageTest"/>
  <system-out/>
  <testcase name="Validate_ResetButton" time="8.840" classname="com.xpresso.qa.testcases.LoginPageTest"/>
  <system-out/>
  <testcase name="Validate_ForgotPassord" time="8.500" classname="com.xpresso.qa.testcases.LoginPageTest"/>
  <system-out/>
  <testcase name="Validate_FrgtUserCode" time="9.129" classname="com.xpresso.qa.testcases.LoginPageTest"/>
  <system-out/>
  <testcase name="Validate_LoginOTP_Window" time="9.752" classname="com.xpresso.qa.testcases.LoginPageTest"/>
  <system-out/>
  <testcase name="Validate_RessendButtonDisabled_otpPopup" time="10.023" classname="com.xpresso.qa.testcases.LoginPageTest"/>
  <system-out/>
  <testcase name="Validate_ResendButtn_Enabled60Secs" time="70.624" classname="com.xpresso.qa.testcases.LoginPageTest">
    <error type="org.openqa.selenium.TimeoutException" message="Expected condition failed: waiting for element to be clickable: By.id: btnResendOTP (tried for 60 second(s) with 500 milliseconds interval)
Build info: version: &#039;3.141.59&#039;, revision: &#039;e82be7d358&#039;, time: &#039;2018-11-14T08:17:03&#039;
System info: host: &#039;KAMLESH-PC&#039;, ip: &#039;192.168.1.51&#039;, os.name: &#039;Windows 10&#039;, os.arch: &#039;amd64&#039;, os.version: &#039;10.0&#039;, java.version: &#039;1.8.0_301&#039;
Driver info: org.openqa.selenium.support.events.EventFiringWebDriver
Capabilities {acceptInsecureCerts: false, browserName: chrome, browserVersion: 98.0.4758.102, chrome: {chromedriverVersion: 98.0.4758.80 (7f0488e8ba0d8..., userDataDir: C:\Users\KAMLES~1.KUM\AppDa...}, goog:chromeOptions: {debuggerAddress: localhost:50301}, javascriptEnabled: true, networkConnectionEnabled: false, pageLoadStrategy: normal, platform: WINDOWS, platformName: WINDOWS, proxy: Proxy(), setWindowRect: true, strictFileInteractability: false, timeouts: {implicit: 0, pageLoad: 300000, script: 30000}, unhandledPromptBehavior: dismiss and notify, webauthn:extension:credBlob: true, webauthn:extension:largeBlob: true, webauthn:virtualAuthenticators: true}
Session ID: 32f97a6640de9e6220784452cfbe039e">
      <![CDATA[org.openqa.selenium.TimeoutException: Expected condition failed: waiting for element to be clickable: By.id: btnResendOTP (tried for 60 second(s) with 500 milliseconds interval)
Build info: version: '3.141.59', revision: 'e82be7d358', time: '2018-11-14T08:17:03'
System info: host: 'KAMLESH-PC', ip: '192.168.1.51', os.name: 'Windows 10', os.arch: 'amd64', os.version: '10.0', java.version: '1.8.0_301'
Driver info: org.openqa.selenium.support.events.EventFiringWebDriver
Capabilities {acceptInsecureCerts: false, browserName: chrome, browserVersion: 98.0.4758.102, chrome: {chromedriverVersion: 98.0.4758.80 (7f0488e8ba0d8..., userDataDir: C:\Users\KAMLES~1.KUM\AppDa...}, goog:chromeOptions: {debuggerAddress: localhost:50301}, javascriptEnabled: true, networkConnectionEnabled: false, pageLoadStrategy: normal, platform: WINDOWS, platformName: WINDOWS, proxy: Proxy(), setWindowRect: true, strictFileInteractability: false, timeouts: {implicit: 0, pageLoad: 300000, script: 30000}, unhandledPromptBehavior: dismiss and notify, webauthn:extension:credBlob: true, webauthn:extension:largeBlob: true, webauthn:virtualAuthenticators: true}
Session ID: 32f97a6640de9e6220784452cfbe039e
at org.openqa.selenium.support.ui.WebDriverWait.timeoutException(WebDriverWait.java:95)
at org.openqa.selenium.support.ui.FluentWait.until(FluentWait.java:272)
at com.xpresso.qa.testcases.LoginPageTest.Validate_ResendButtn_Enabled60Secs(LoginPageTest.java:234)
at sun.reflect.NativeMethodAccessorImpl.invoke0(Native Method)
at sun.reflect.NativeMethodAccessorImpl.invoke(Unknown Source)
at sun.reflect.DelegatingMethodAccessorImpl.invoke(Unknown Source)
at java.lang.reflect.Method.invoke(Unknown Source)
at org.testng.internal.MethodInvocationHelper.invokeMethod(MethodInvocationHelper.java:133)
at org.testng.internal.TestInvoker.invokeMethod(TestInvoker.java:598)
at org.testng.internal.TestInvoker.invokeTestMethod(TestInvoker.java:173)
at org.testng.internal.MethodRunner.runInSequence(MethodRunner.java:46)
at org.testng.internal.TestInvoker$MethodInvocationAgent.invoke(TestInvoker.java:824)
at org.testng.internal.TestInvoker.invokeTestMethods(TestInvoker.java:146)
at org.testng.internal.TestMethodWorker.invokeTestMethods(TestMethodWorker.java:146)
at org.testng.internal.TestMethodWorker.run(TestMethodWorker.java:128)
at java.util.ArrayList.forEach(Unknown Source)
at org.testng.TestRunner.privateRun(TestRunner.java:794)
at org.testng.TestRunner.run(TestRunner.java:596)
at org.testng.SuiteRunner.runTest(SuiteRunner.java:377)
at org.testng.SuiteRunner.runSequentially(SuiteRunner.java:371)
at org.testng.SuiteRunner.privateRun(SuiteRunner.java:332)
at org.testng.SuiteRunner.run(SuiteRunner.java:276)
at org.testng.SuiteRunnerWorker.runSuite(SuiteRunnerWorker.java:53)
at org.testng.SuiteRunnerWorker.run(SuiteRunnerWorker.java:96)
at org.testng.TestNG.runSuitesSequentially(TestNG.java:1212)
at org.testng.TestNG.runSuitesLocally(TestNG.java:1134)
at org.testng.TestNG.runSuites(TestNG.java:1063)
at org.testng.TestNG.run(TestNG.java:1031)
at org.testng.remote.AbstractRemoteTestNG.run(AbstractRemoteTestNG.java:115)
at org.testng.remote.RemoteTestNG.initAndRun(RemoteTestNG.java:251)
at org.testng.remote.RemoteTestNG.main(RemoteTestNG.java:77)
]]>
    </error>
  </testcase> <!-- Validate_ResendButtn_Enabled60Secs -->
  <system-out/>
  <testcase name="Validate_errmsge_Withoutotp" time="10.340" classname="com.xpresso.qa.testcases.LoginPageTest"/>
  <system-out/>
  <testcase name="ValidatecloseotpPopup" time="11.365" classname="com.xpresso.qa.testcases.LoginPageTest"/>
  <system-out/>
  <testcase name="ValidateFasebookLink" time="9.913" classname="com.xpresso.qa.testcases.LoginPageTest"/>
  <system-out/>
  <testcase name="ValidateLinkdinLink" time="10.188" classname="com.xpresso.qa.testcases.LoginPageTest"/>
  <system-out/>
  <testcase name="ValidateYoutubeLink" time="11.860" classname="com.xpresso.qa.testcases.LoginPageTest"/>
  <system-out/>
  <testcase name="ValidateTwitterLink" time="10.315" classname="com.xpresso.qa.testcases.LoginPageTest"/>
  <system-out/>
  <testcase name="ValidateRoinetweblink" time="13.123" classname="com.xpresso.qa.testcases.LoginPageTest"/>
  <system-out/>
  <testcase name="ValidateAboutRoinetlink" time="9.819" classname="com.xpresso.qa.testcases.LoginPageTest"/>
  <system-out/>
  <testcase name="ValidateBecomePartnerlink" time="9.725" classname="com.xpresso.qa.testcases.LoginPageTest"/>
  <system-out/>
  <testcase name="ValidateContactUSlink" time="9.631" classname="com.xpresso.qa.testcases.LoginPageTest"/>
  <system-out/>
</testsuite> <!-- com.xpresso.qa.testcases.LoginPageTest -->
