<?xml version="1.0" encoding="UTF-8"?>
<!-- Generated by org.testng.reporters.JUnitReportReporter -->
<testsuite hostname="KAMLESH-PC" failures="0" tests="7" name="com.xpresso.qa.testcases.Helpdesk_CspAddComplaintTest" time="37.757" errors="1" timestamp="2024-11-12T11:25:57 IST" skipped="6">
  <testcase classname="com.xpresso.qa.testcases.Helpdesk_CspAddComplaintTest" name="AddNewComlntwth_ValidData" time="37.757">
    <error message="element click intercepted: Element &lt;div class=&quot;ng-select-container&quot;&gt;...&lt;/div&gt; is not clickable at point (1096, 282). Other element would receive the click: &lt;div _ngcontent-wcl-c21=&quot;&quot; class=&quot;loader-section section-right&quot;&gt;&lt;/div&gt;
  (Session info: chrome=111.0.5563.65)
Build info: version: &#039;4.25.0&#039;, revision: &#039;8a8aea2337&#039;
System info: os.name: &#039;Windows 10&#039;, os.arch: &#039;amd64&#039;, os.version: &#039;10.0&#039;, java.version: &#039;18.0.2.1&#039;
Driver info: org.openqa.selenium.chrome.ChromeDriver
Command: [67677d2b6e9149203f2cdfa878fe3d11, clickElement {id=df3f4f57-18e0-4b45-b7ad-a1263620244e}]
Capabilities {acceptInsecureCerts: false, browserName: chrome, browserVersion: 111.0.5563.65, chrome: {chromedriverVersion: 111.0.5563.64 (c710e93d5b63..., userDataDir: C:\Users\KAMLES~1.KUM\AppDa...}, goog:chromeOptions: {debuggerAddress: localhost:49155}, networkConnectionEnabled: false, pageLoadStrategy: normal, platformName: windows, proxy: Proxy(), se:cdp: ws://localhost:49155/devtoo..., se:cdpVersion: 111.0.5563.65, setWindowRect: true, strictFileInteractability: false, timeouts: {implicit: 0, pageLoad: 300000, script: 30000}, unhandledPromptBehavior: dismiss and notify, webauthn:extension:credBlob: true, webauthn:extension:largeBlob: true, webauthn:extension:minPinLength: true, webauthn:extension:prf: true, webauthn:virtualAuthenticators: true}
Element: [[ChromeDriver: chrome on windows (67677d2b6e9149203f2cdfa878fe3d11)] -&gt; xpath: //*[text()=&#039;Category Type&#039;]/following-sibling::ng-select/div]
Session ID: 67677d2b6e9149203f2cdfa878fe3d11" type="org.openqa.selenium.ElementClickInterceptedException">
      <![CDATA[org.openqa.selenium.ElementClickInterceptedException: element click intercepted: Element <div class="ng-select-container">...</div> is not clickable at point (1096, 282). Other element would receive the click: <div _ngcontent-wcl-c21="" class="loader-section section-right"></div>
  (Session info: chrome=111.0.5563.65)
Build info: version: '4.25.0', revision: '8a8aea2337'
System info: os.name: 'Windows 10', os.arch: 'amd64', os.version: '10.0', java.version: '18.0.2.1'
Driver info: org.openqa.selenium.chrome.ChromeDriver
Command: [67677d2b6e9149203f2cdfa878fe3d11, clickElement {id=df3f4f57-18e0-4b45-b7ad-a1263620244e}]
Capabilities {acceptInsecureCerts: false, browserName: chrome, browserVersion: 111.0.5563.65, chrome: {chromedriverVersion: 111.0.5563.64 (c710e93d5b63..., userDataDir: C:\Users\KAMLES~1.KUM\AppDa...}, goog:chromeOptions: {debuggerAddress: localhost:49155}, networkConnectionEnabled: false, pageLoadStrategy: normal, platformName: windows, proxy: Proxy(), se:cdp: ws://localhost:49155/devtoo..., se:cdpVersion: 111.0.5563.65, setWindowRect: true, strictFileInteractability: false, timeouts: {implicit: 0, pageLoad: 300000, script: 30000}, unhandledPromptBehavior: dismiss and notify, webauthn:extension:credBlob: true, webauthn:extension:largeBlob: true, webauthn:extension:minPinLength: true, webauthn:extension:prf: true, webauthn:virtualAuthenticators: true}
Element: [[ChromeDriver: chrome on windows (67677d2b6e9149203f2cdfa878fe3d11)] -> xpath: //*[text()='Category Type']/following-sibling::ng-select/div]
Session ID: 67677d2b6e9149203f2cdfa878fe3d11
at java.base/jdk.internal.reflect.DirectConstructorHandleAccessor.newInstance(DirectConstructorHandleAccessor.java:67)
at java.base/java.lang.reflect.Constructor.newInstanceWithCaller(Constructor.java:499)
at java.base/java.lang.reflect.Constructor.newInstance(Constructor.java:483)
at org.openqa.selenium.remote.ErrorCodec.decode(ErrorCodec.java:167)
at org.openqa.selenium.remote.codec.w3c.W3CHttpResponseCodec.decode(W3CHttpResponseCodec.java:138)
at org.openqa.selenium.remote.codec.w3c.W3CHttpResponseCodec.decode(W3CHttpResponseCodec.java:50)
at org.openqa.selenium.remote.HttpCommandExecutor.execute(HttpCommandExecutor.java:190)
at org.openqa.selenium.remote.service.DriverCommandExecutor.invokeExecute(DriverCommandExecutor.java:216)
at org.openqa.selenium.remote.service.DriverCommandExecutor.execute(DriverCommandExecutor.java:174)
at org.openqa.selenium.remote.RemoteWebDriver.execute(RemoteWebDriver.java:545)
at org.openqa.selenium.remote.RemoteWebElement.execute(RemoteWebElement.java:223)
at org.openqa.selenium.remote.RemoteWebElement.click(RemoteWebElement.java:76)
at java.base/jdk.internal.reflect.DirectMethodHandleAccessor.invoke(DirectMethodHandleAccessor.java:104)
at java.base/java.lang.reflect.Method.invoke(Method.java:577)
at org.openqa.selenium.support.pagefactory.internal.LocatingElementHandler.invoke(LocatingElementHandler.java:51)
at jdk.proxy2/jdk.proxy2.$Proxy30.click(Unknown Source)
at com.xpresso.qa.pages.AddComplaintPage.SelectCtgryType(AddComplaintPage.java:162)
at com.xpresso.qa.testcases.Helpdesk_CspAddComplaintTest.AddNewComlntwth_ValidData(Helpdesk_CspAddComplaintTest.java:201)
at java.base/jdk.internal.reflect.DirectMethodHandleAccessor.invoke(DirectMethodHandleAccessor.java:104)
at java.base/java.lang.reflect.Method.invoke(Method.java:577)
at org.testng.internal.invokers.MethodInvocationHelper.invokeMethod(MethodInvocationHelper.java:139)
at org.testng.internal.invokers.TestInvoker.invokeMethod(TestInvoker.java:664)
at org.testng.internal.invokers.TestInvoker.invokeTestMethod(TestInvoker.java:227)
at org.testng.internal.invokers.MethodRunner.runInSequence(MethodRunner.java:50)
at org.testng.internal.invokers.TestInvoker$MethodInvocationAgent.invoke(TestInvoker.java:957)
at org.testng.internal.invokers.TestInvoker.invokeTestMethods(TestInvoker.java:200)
at org.testng.internal.invokers.TestMethodWorker.invokeTestMethods(TestMethodWorker.java:148)
at org.testng.internal.invokers.TestMethodWorker.run(TestMethodWorker.java:128)
at java.base/java.util.ArrayList.forEach(ArrayList.java:1511)
at org.testng.TestRunner.privateRun(TestRunner.java:848)
at org.testng.TestRunner.run(TestRunner.java:621)
at org.testng.SuiteRunner.runTest(SuiteRunner.java:443)
at org.testng.SuiteRunner.runSequentially(SuiteRunner.java:437)
at org.testng.SuiteRunner.privateRun(SuiteRunner.java:397)
at org.testng.SuiteRunner.run(SuiteRunner.java:336)
at org.testng.SuiteRunnerWorker.runSuite(SuiteRunnerWorker.java:52)
at org.testng.SuiteRunnerWorker.run(SuiteRunnerWorker.java:95)
at org.testng.TestNG.runSuitesSequentially(TestNG.java:1280)
at org.testng.TestNG.runSuitesLocally(TestNG.java:1200)
at org.testng.TestNG.runSuites(TestNG.java:1114)
at org.testng.TestNG.run(TestNG.java:1082)
at org.testng.remote.AbstractRemoteTestNG.run(AbstractRemoteTestNG.java:115)
at org.testng.remote.RemoteTestNG.initAndRun(RemoteTestNG.java:251)
at org.testng.remote.RemoteTestNG.main(RemoteTestNG.java:77)
]]>
    </error>
  </testcase> <!-- AddNewComlntwth_ValidData -->
  <testcase classname="com.xpresso.qa.testcases.Helpdesk_CspAddComplaintTest" name="ValidateWithBlank_ComplaintDesc">
    <skipped/>
  </testcase> <!-- ValidateWithBlank_ComplaintDesc -->
  <testcase classname="com.xpresso.qa.testcases.Helpdesk_CspAddComplaintTest" name="AddnewComplaintWithoutTXID">
    <skipped/>
  </testcase> <!-- AddnewComplaintWithoutTXID -->
  <testcase classname="com.xpresso.qa.testcases.Helpdesk_CspAddComplaintTest" name="ValidateWithBlank_CategoryType">
    <skipped/>
  </testcase> <!-- ValidateWithBlank_CategoryType -->
  <testcase classname="com.xpresso.qa.testcases.Helpdesk_CspAddComplaintTest" name="AddNewComplaint_InvalidTxID">
    <skipped/>
  </testcase> <!-- AddNewComplaint_InvalidTxID -->
  <testcase classname="com.xpresso.qa.testcases.Helpdesk_CspAddComplaintTest" name="ValidateWithBlank_ApplicationType">
    <skipped/>
  </testcase> <!-- ValidateWithBlank_ApplicationType -->
  <testcase classname="com.xpresso.qa.testcases.Helpdesk_CspAddComplaintTest" name="ValidateWithBlank_SubCategoryType">
    <skipped/>
  </testcase> <!-- ValidateWithBlank_SubCategoryType -->
</testsuite> <!-- com.xpresso.qa.testcases.Helpdesk_CspAddComplaintTest -->
